<?xml version="1.0" encoding="UTF-8"?>
<testsuite xmlns:xsi="http://www.w3.org/2001/XMLSchema-instance" xsi:noNamespaceSchemaLocation="https://maven.apache.org/surefire/maven-surefire-plugin/xsd/surefire-test-report-3.0.xsd" version="3.0" name="com.example.product.ProductServiceApplicationTests" time="2.044" tests="1" errors="0" skipped="0" failures="0">
  <properties>
[...]
</properties>
  <testcase name="contextLoads" classname="com.example.product.ProductServiceApplicationTests" time="0.33">
    <system-out><![CDATA[18:33:35.752 [main] INFO org.springframework.test.context.support.AnnotationConfigContextLoaderUtils -- Could not detect default configuration classes for test class [com.example.product.ProductServiceApplicationTests]: ProductServiceApplicationTests does not declare any static, non-private, non-final, nested classes annotated with @Configuration.
18:33:35.796 [main] INFO org.springframework.boot.test.context.SpringBootTestContextBootstrapper -- Found @SpringBootConfiguration com.example.product.ProductServiceApplication for test class com.example.product.ProductServiceApplicationTests

  .   ____          _            __ _ _
 /\\ / ___'_ __ _ _(_)_ __  __ _ \ \ \ \
( ( )\___ | '_ | '_| | '_ \/ _` | \ \ \ \
 \\/  ___)| |_)| | | | | || (_| |  ) ) ) )
  '  |____| .__|_| |_|_| |_\__, | / / / /
 =========|_|==============|___/=/_/_/_/
 :: Spring Boot ::                (v3.1.5)

2023-11-15T18:33:35.958+05:30  INFO 47521 --- [           main] c.e.p.ProductServiceApplicationTests     : Starting ProductServiceApplicationTests using Java 17.0.6 with PID 47521 (started by saitejapolisetty in /Users/saitejapolisetty/Project WS/STS WS/microservices-new/product-microservice)
2023-11-15T18:33:35.958+05:30  INFO 47521 --- [           main] c.e.p.ProductServiceApplicationTests     : No active profile set, falling back to 1 default profile: "default"
2023-11-15T18:33:36.211+05:30  INFO 47521 --- [           main] .s.d.r.c.RepositoryConfigurationDelegate : Bootstrapping Spring Data JPA repositories in DEFAULT mode.
2023-11-15T18:33:36.233+05:30  INFO 47521 --- [           main] .s.d.r.c.RepositoryConfigurationDelegate : Finished Spring Data repository scanning in 18 ms. Found 1 JPA repository interfaces.
2023-11-15T18:33:36.422+05:30  INFO 47521 --- [           main] o.hibernate.jpa.internal.util.LogHelper  : HHH000204: Processing PersistenceUnitInfo [name: default]
2023-11-15T18:33:36.449+05:30  INFO 47521 --- [           main] org.hibernate.Version                    : HHH000412: Hibernate ORM core version 6.2.13.Final
2023-11-15T18:33:36.450+05:30  INFO 47521 --- [           main] org.hibernate.cfg.Environment            : HHH000406: Using bytecode reflection optimizer
2023-11-15T18:33:36.572+05:30  INFO 47521 --- [           main] o.s.o.j.p.SpringPersistenceUnitInfo      : No LoadTimeWeaver setup: ignoring JPA class transformer
2023-11-15T18:33:36.584+05:30  INFO 47521 --- [           main] com.zaxxer.hikari.HikariDataSource       : HikariPool-1 - Starting...
2023-11-15T18:33:36.652+05:30  INFO 47521 --- [           main] com.zaxxer.hikari.pool.HikariPool        : HikariPool-1 - Added connection org.postgresql.jdbc.PgConnection@79df80a4
2023-11-15T18:33:36.652+05:30  INFO 47521 --- [           main] com.zaxxer.hikari.HikariDataSource       : HikariPool-1 - Start completed.
2023-11-15T18:33:37.043+05:30  INFO 47521 --- [           main] o.h.e.t.j.p.i.JtaPlatformInitiator       : HHH000489: No JTA platform available (set 'hibernate.transaction.jta.platform' to enable JTA platform integration)
2023-11-15T18:33:37.082+05:30  INFO 47521 --- [           main] j.LocalContainerEntityManagerFactoryBean : Initialized JPA EntityManagerFactory for persistence unit 'default'
2023-11-15T18:33:37.239+05:30  WARN 47521 --- [           main] JpaBaseConfiguration$JpaWebConfiguration : spring.jpa.open-in-view is enabled by default. Therefore, database queries may be performed during view rendering. Explicitly configure spring.jpa.open-in-view to disable this warning
2023-11-15T18:33:37.378+05:30  INFO 47521 --- [           main] c.e.p.ProductServiceApplicationTests     : Started ProductServiceApplicationTests in 1.524 seconds (process running for 1.91)
]]></system-out>
  </testcase>
</testsuite>